<?xml version="1.0" encoding="UTF-8"?>
<testng-results skipped="0" failed="0" ignored="0" total="1" passed="1">
  <reporter-output>
  </reporter-output>
  <suite name="Default suite" duration-ms="6455" started-at="2019-12-28T03:29:10Z" finished-at="2019-12-28T03:29:16Z">
    <groups>
    </groups>
    <test name="Default test" duration-ms="6455" started-at="2019-12-28T03:29:10Z" finished-at="2019-12-28T03:29:16Z">
      <class name="changingPassword_invalidPassword">
        <test-method status="PASS" signature="beforeTest()[pri:0, instance:changingPassword_invalidPassword@23ceabc1]" name="beforeTest" is-config="true" duration-ms="4075" started-at="2019-12-28T08:59:10Z" finished-at="2019-12-28T08:59:14Z">
          <reporter-output>
          </reporter-output>
        </test-method> <!-- beforeTest -->
        <test-method status="PASS" signature="invalidPassword()[pri:0, instance:changingPassword_invalidPassword@23ceabc1]" name="invalidPassword" duration-ms="1648" started-at="2019-12-28T08:59:14Z" finished-at="2019-12-28T08:59:15Z">
          <reporter-output>
          </reporter-output>
        </test-method> <!-- invalidPassword -->
        <test-method status="PASS" signature="afterTest()[pri:0, instance:changingPassword_invalidPassword@23ceabc1]" name="afterTest" is-config="true" duration-ms="697" started-at="2019-12-28T08:59:15Z" finished-at="2019-12-28T08:59:16Z">
          <reporter-output>
          </reporter-output>
        </test-method> <!-- afterTest -->
      </class> <!-- changingPassword_invalidPassword -->
    </test> <!-- Default test -->
  </suite> <!-- Default suite -->
</testng-results>
